Arguments: 
  /usr/local/bin/node /Users/frode/.yarn/bin/yarn.js add reduxsauce

PATH: 
  /Users/frode/.yarn/bin:/Users/frode/.config/yarn/global/node_modules/.bin:/usr/local/sbin:/usr/local/bin:/usr/local/bin:/usr/bin:/bin:/usr/sbin:/sbin:/usr/local/share/dotnet:~/.dotnet/tools:/Library/Apple/usr/bin:/Library/Frameworks/Mono.framework/Versions/Current/Commands:/Users/frode/.yarn/bin:/Users/frode/.config/yarn/global/node_modules/.bin:/usr/local/sbin

Yarn version: 
  1.22.5

Node version: 
  14.16.0

Platform: 
  darwin x64

Trace: 
  SyntaxError: /Users/frode/Project/react-native-multibundler-3.0/package.json: Unexpected token } in JSON at position 631
      at JSON.parse (<anonymous>)
      at /Users/frode/.yarn/lib/cli.js:1625:59
      at Generator.next (<anonymous>)
      at step (/Users/frode/.yarn/lib/cli.js:310:30)
      at /Users/frode/.yarn/lib/cli.js:321:13

npm manifest: 
  {
    "name": "framework",
    "version": "1.0.0",
    "main": "index.js",
    "license": "MIT",
    "dependencies": {
      "react-redux": "^7.2.3",
      "redux": "^4.0.5",
      "redux-thunk": "^2.3.0"
    }
  }

yarn manifest: 
  No manifest

Lockfile: 
  No lockfile
